[INFO] Scanning for projects...
[INFO] 
[INFO] ---------------------< com.dmsa:warehouse-service >---------------------
[INFO] Building warehouse-service 2.0.0
[INFO]   from pom.xml
[INFO] --------------------------------[ jar ]---------------------------------
[INFO] 
[INFO] >>> spring-boot:3.2.5:run (default-cli) > test-compile @ warehouse-service >>>
[INFO] 
[INFO] --- resources:3.3.1:resources (default-resources) @ warehouse-service ---
[INFO] Copying 1 resource from src\main\resources to target\classes
[INFO] Copying 2 resources from src\main\resources to target\classes
[INFO] 
[INFO] --- compiler:3.11.0:compile (default-compile) @ warehouse-service ---
[INFO] Nothing to compile - all classes are up to date
[INFO] 
[INFO] --- resources:3.3.1:testResources (default-testResources) @ warehouse-service ---
[INFO] skip non existing resourceDirectory D:\FH-Dortmund\SecondSemester\SoftwareIntensiveSolution\Project\nextBar\warehouse-service\src\test\resources
[INFO] 
[INFO] --- compiler:3.11.0:testCompile (default-testCompile) @ warehouse-service ---
[INFO] No sources to compile
[INFO] 
[INFO] <<< spring-boot:3.2.5:run (default-cli) < test-compile @ warehouse-service <<<
[INFO] 
[INFO] 
[INFO] --- spring-boot:3.2.5:run (default-cli) @ warehouse-service ---
[INFO] Attaching agents: []
Standard Commons Logging discovery in action with spring-jcl: please remove commons-logging.jar from classpath in order to avoid potential conflicts

  .   ____          _            __ _ _
 /\\ / ___'_ __ _ _(_)_ __  __ _ \ \ \ \
( ( )\___ | '_ | '_| | '_ \/ _` | \ \ \ \
 \\/  ___)| |_)| | | | | || (_| |  ) ) ) )
  '  |____| .__|_| |_|_| |_\__, | / / / /
 =========|_|==============|___/=/_/_/_/
 :: Spring Boot ::                (v3.2.5)

2026-02-06 13:33:07 [main] INFO  c.d.w.WarehouseServiceApplication - Starting WarehouseServiceApplication using Java 23.0.1 with PID 20312 (D:\FH-Dortmund\SecondSemester\SoftwareIntensiveSolution\Project\nextBar\warehouse-service\target\classes started by Ali Moradi in D:\FH-Dortmund\SecondSemester\SoftwareIntensiveSolution\Project\nextBar\warehouse-service)
2026-02-06 13:33:07 [main] DEBUG c.d.w.WarehouseServiceApplication - Running with Spring Boot v3.2.5, Spring v6.1.6
2026-02-06 13:33:07 [main] INFO  c.d.w.WarehouseServiceApplication - No active profile set, falling back to 1 default profile: "default"
2026-02-06 13:33:07 [main] INFO  o.s.c.c.c.ConfigServerConfigDataLoader - Fetching config from server at : http://localhost:8888
2026-02-06 13:33:07 [main] INFO  o.s.c.c.c.ConfigServerConfigDataLoader - Located environment: name=warehouse-service, profiles=[default], label=null, version=118ac7392da5b566f2ebbbd470b4153554e6c608, state=
2026-02-06 13:33:08 [main] DEBUG i.g.r.s.u.RxJava2OnClasspathCondition - RxJava2 related Aspect extensions are not activated, because RxJava2 is not on the classpath.
2026-02-06 13:33:08 [main] DEBUG i.g.r.s.u.ReactorOnClasspathCondition - Reactor related Aspect extensions are not activated because Resilience4j Reactor module is not on the classpath.
2026-02-06 13:33:08 [main] DEBUG i.g.r.s.u.RxJava2OnClasspathCondition - RxJava2 related Aspect extensions are not activated, because RxJava2 is not on the classpath.
2026-02-06 13:33:08 [main] DEBUG i.g.r.s.u.ReactorOnClasspathCondition - Reactor related Aspect extensions are not activated because Resilience4j Reactor module is not on the classpath.
2026-02-06 13:33:08 [main] DEBUG i.g.r.s.u.RxJava2OnClasspathCondition - RxJava2 related Aspect extensions are not activated, because RxJava2 is not on the classpath.
2026-02-06 13:33:08 [main] DEBUG i.g.r.s.u.ReactorOnClasspathCondition - Reactor related Aspect extensions are not activated because Resilience4j Reactor module is not on the classpath.
2026-02-06 13:33:08 [main] DEBUG i.g.r.s.u.RxJava2OnClasspathCondition - RxJava2 related Aspect extensions are not activated, because RxJava2 is not on the classpath.
2026-02-06 13:33:08 [main] DEBUG i.g.r.s.u.ReactorOnClasspathCondition - Reactor related Aspect extensions are not activated because Resilience4j Reactor module is not on the classpath.
2026-02-06 13:33:08 [main] DEBUG i.g.r.s.u.RxJava2OnClasspathCondition - RxJava2 related Aspect extensions are not activated, because RxJava2 is not on the classpath.
2026-02-06 13:33:08 [main] DEBUG i.g.r.s.u.ReactorOnClasspathCondition - Reactor related Aspect extensions are not activated because Resilience4j Reactor module is not on the classpath.
2026-02-06 13:33:08 [main] INFO  o.s.d.r.c.RepositoryConfigurationDelegate - Bootstrapping Spring Data JPA repositories in DEFAULT mode.
2026-02-06 13:33:08 [main] INFO  o.s.d.r.c.RepositoryConfigurationDelegate - Finished Spring Data repository scanning in 89 ms. Found 4 JPA repository interfaces.
2026-02-06 13:33:08 [main] INFO  o.s.i.c.DefaultConfiguringBeanFactoryPostProcessor - No bean named 'errorChannel' has been explicitly defined. Therefore, a default PublishSubscribeChannel will be created.
2026-02-06 13:33:08 [main] INFO  o.s.i.c.DefaultConfiguringBeanFactoryPostProcessor - No bean named 'integrationHeaderChannelRegistry' has been explicitly defined. Therefore, a default DefaultHeaderChannelRegistry will be created.
2026-02-06 13:33:08 [main] INFO  o.s.cloud.context.scope.GenericScope - BeanFactory id=ccdf8d61-ae0d-3bbd-840b-2a092563057c
2026-02-06 13:33:09 [main] WARN  o.s.c.s.PostProcessorRegistrationDelegate$BeanPostProcessorChecker - Bean 'org.springframework.cloud.client.loadbalancer.LoadBalancerAutoConfiguration$DeferringLoadBalancerInterceptorConfig' of type [org.springframework.cloud.client.loadbalancer.LoadBalancerAutoConfiguration$DeferringLoadBalancerInterceptorConfig] is not eligible for getting processed by all BeanPostProcessors (for example: not eligible for auto-proxying). The currently created BeanPostProcessor [lbRestClientPostProcessor] is declared through a non-static factory method on that class; consider declaring it as static instead.
2026-02-06 13:33:09 [main] WARN  o.s.c.s.PostProcessorRegistrationDelegate$BeanPostProcessorChecker - Bean 'deferringLoadBalancerInterceptor' of type [org.springframework.cloud.client.loadbalancer.DeferringLoadBalancerInterceptor] is not eligible for getting processed by all BeanPostProcessors (for example: not eligible for auto-proxying). Is this bean getting eagerly injected into a currently created BeanPostProcessor [lbRestClientPostProcessor]? Check the corresponding BeanPostProcessor declaration and its dependencies.
2026-02-06 13:33:09 [main] WARN  o.s.c.s.PostProcessorRegistrationDelegate$BeanPostProcessorChecker - Bean 'org.springframework.cloud.client.loadbalancer.reactive.LoadBalancerBeanPostProcessorAutoConfiguration' of type [org.springframework.cloud.client.loadbalancer.reactive.LoadBalancerBeanPostProcessorAutoConfiguration] is not eligible for getting processed by all BeanPostProcessors (for example: not eligible for auto-proxying). The currently created BeanPostProcessor [loadBalancerWebClientBuilderBeanPostProcessor] is declared through a non-static factory method on that class; consider declaring it as static instead.
2026-02-06 13:33:09 [main] WARN  o.s.c.s.PostProcessorRegistrationDelegate$BeanPostProcessorChecker - Bean 'org.springframework.cloud.client.loadbalancer.reactive.LoadBalancerBeanPostProcessorAutoConfiguration$ReactorDeferringLoadBalancerFilterConfig' of type [org.springframework.cloud.client.loadbalancer.reactive.LoadBalancerBeanPostProcessorAutoConfiguration$ReactorDeferringLoadBalancerFilterConfig] is not eligible for getting processed by all BeanPostProcessors (for example: not eligible for auto-proxying). Is this bean getting eagerly injected into a currently created BeanPostProcessor [loadBalancerWebClientBuilderBeanPostProcessor]? Check the corresponding BeanPostProcessor declaration and its dependencies.
2026-02-06 13:33:09 [main] WARN  o.s.c.s.PostProcessorRegistrationDelegate$BeanPostProcessorChecker - Bean 'reactorDeferringLoadBalancerExchangeFilterFunction' of type [org.springframework.cloud.client.loadbalancer.reactive.DeferringLoadBalancerExchangeFilterFunction] is not eligible for getting processed by all BeanPostProcessors (for example: not eligible for auto-proxying). Is this bean getting eagerly injected into a currently created BeanPostProcessor [loadBalancerWebClientBuilderBeanPostProcessor]? Check the corresponding BeanPostProcessor declaration and its dependencies.
2026-02-06 13:33:09 [main] INFO  o.s.b.w.e.tomcat.TomcatWebServer - Tomcat initialized with port 8085 (http)
2026-02-06 13:33:09 [main] INFO  o.a.catalina.core.StandardService - Starting service [Tomcat]
2026-02-06 13:33:09 [main] INFO  o.a.catalina.core.StandardEngine - Starting Servlet engine: [Apache Tomcat/10.1.20]
2026-02-06 13:33:09 [main] INFO  o.a.c.c.C.[Tomcat].[localhost].[/] - Initializing Spring embedded WebApplicationContext
2026-02-06 13:33:09 [main] INFO  o.s.b.w.s.c.ServletWebServerApplicationContext - Root WebApplicationContext: initialization completed in 2104 ms
Standard Commons Logging discovery in action with spring-jcl: please remove commons-logging.jar from classpath in order to avoid potential conflicts
2026-02-06 13:33:09 [main] DEBUG c.d.w.s.JwtAuthenticationFilter - Filter 'jwtAuthenticationFilter' configured for use
2026-02-06 13:33:09 [main] INFO  com.zaxxer.hikari.HikariDataSource - HikariPool-1 - Starting...
2026-02-06 13:33:09 [main] INFO  com.zaxxer.hikari.pool.HikariPool - HikariPool-1 - Added connection com.mysql.cj.jdbc.ConnectionImpl@31daf094
2026-02-06 13:33:09 [main] INFO  com.zaxxer.hikari.HikariDataSource - HikariPool-1 - Start completed.
2026-02-06 13:33:10 [main] INFO  o.h.jpa.internal.util.LogHelper - HHH000204: Processing PersistenceUnitInfo [name: default]
2026-02-06 13:33:10 [main] INFO  org.hibernate.Version - HHH000412: Hibernate ORM core version 6.4.4.Final
2026-02-06 13:33:10 [main] INFO  o.h.c.i.RegionFactoryInitiator - HHH000026: Second-level cache disabled
2026-02-06 13:33:10 [main] INFO  o.s.o.j.p.SpringPersistenceUnitInfo - No LoadTimeWeaver setup: ignoring JPA class transformer
2026-02-06 13:33:10 [main] WARN  o.h.e.j.e.i.JdbcEnvironmentInitiator - HHH000339: Could not obtain connection metadata: java.sql.SQLSyntaxErrorException: Unknown column 'RESERVED' in 'where clause'
2026-02-06 13:33:10 [main] WARN  org.hibernate.orm.deprecation - HHH90000025: MySQLDialect does not need to be specified explicitly using 'hibernate.dialect' (remove the property setting and it will be selected by default)
2026-02-06 13:33:11 [main] INFO  o.h.e.t.j.p.i.JtaPlatformInitiator - HHH000489: No JTA platform available (set 'hibernate.transaction.jta.platform' to enable JTA platform integration)
2026-02-06 13:33:11 [main] INFO  o.s.o.j.LocalContainerEntityManagerFactoryBean - Initialized JPA EntityManagerFactory for persistence unit 'default'
2026-02-06 13:33:12 [main] WARN  o.s.b.a.o.j.JpaBaseConfiguration$JpaWebConfiguration - spring.jpa.open-in-view is enabled by default. Therefore, database queries may be performed during view rendering. Explicitly configure spring.jpa.open-in-view to disable this warning
2026-02-06 13:33:12 [main] INFO  o.s.c.o.FeignClientFactoryBean - For 'droppoint-service' URL not provided. Will try picking an instance via load-balancing.
2026-02-06 13:33:12 [main] INFO  o.s.d.j.r.query.QueryEnhancerFactory - Hibernate is in classpath; If applicable, HQL parser will be used.
2026-02-06 13:33:13 [main] INFO  o.s.c.o.FeignClientFactoryBean - For 'bar-service' URL not provided. Will try picking an instance via load-balancing.
2026-02-06 13:33:13 [main] WARN  o.s.b.a.s.s.UserDetailsServiceAutoConfiguration - 

Using generated security password: 7558cdb0-2f46-4df9-8019-f904bb8d3d64

This generated password is for development use only. Your security configuration must be updated before running your application in production.

2026-02-06 13:33:14 [main] INFO  o.s.b.a.e.web.EndpointLinksResolver - Exposing 4 endpoint(s) beneath base path '/actuator'
2026-02-06 13:33:14 [main] INFO  o.s.s.web.DefaultSecurityFilterChain - Will secure any request with [org.springframework.security.web.session.DisableEncodeUrlFilter@3fe19a69, org.springframework.security.web.context.request.async.WebAsyncManagerIntegrationFilter@75f929a0, org.springframework.security.web.context.SecurityContextHolderFilter@1ed5c877, org.springframework.security.web.header.HeaderWriterFilter@68fd7df, org.springframework.web.filter.CorsFilter@461b078f, org.springframework.security.web.authentication.logout.LogoutFilter@7e15cac4, com.dmsa.warehouse.security.JwtAuthenticationFilter@5b407336, org.springframework.security.web.savedrequest.RequestCacheAwareFilter@2d97ebc, org.springframework.security.web.servletapi.SecurityContextHolderAwareRequestFilter@762deb10, org.springframework.security.web.authentication.AnonymousAuthenticationFilter@35f0652c, org.springframework.security.web.session.SessionManagementFilter@e9c78b3, org.springframework.security.web.access.ExceptionTranslationFilter@1cb95256, org.springframework.security.web.access.intercept.AuthorizationFilter@4246c643]
2026-02-06 13:33:14 [main] INFO  o.s.c.s.m.DirectWithAttributesChannel - Channel 'warehouse-service.supplyRequestCreated-in-0' has 1 subscriber(s).
2026-02-06 13:33:15 [main] INFO  o.s.c.n.e.c.DiscoveryClientOptionalArgsConfiguration - Eureka HTTP Client uses RestTemplate.
2026-02-06 13:33:15 [main] WARN  o.s.c.l.c.LoadBalancerCacheAutoConfiguration$LoadBalancerCaffeineWarnLogger - Spring Cloud LoadBalancer is currently working with the default cache. While this cache implementation is useful for development and tests, it's recommended to use Caffeine cache in production.You can switch to using Caffeine cache, by adding it and org.springframework.cache.caffeine.CaffeineCacheManager to the classpath.
2026-02-06 13:33:15 [main] INFO  o.s.i.endpoint.EventDrivenConsumer - Adding {logging-channel-adapter:_org.springframework.integration.errorLogger} as a subscriber to the 'errorChannel' channel
2026-02-06 13:33:15 [main] INFO  o.s.i.c.PublishSubscribeChannel - Channel 'warehouse-service.errorChannel' has 1 subscriber(s).
2026-02-06 13:33:15 [main] INFO  o.s.i.endpoint.EventDrivenConsumer - started bean '_org.springframework.integration.errorLogger'
2026-02-06 13:33:15 [main] INFO  o.s.c.n.eureka.InstanceInfoFactory - Setting initial instance status as: STARTING
2026-02-06 13:33:15 [main] INFO  c.netflix.discovery.DiscoveryClient - Initializing Eureka in region us-east-1
2026-02-06 13:33:15 [main] INFO  c.n.d.s.r.aws.ConfigClusterResolver - Resolving eureka endpoints via configuration
2026-02-06 13:33:15 [main] INFO  c.netflix.discovery.DiscoveryClient - Disable delta property : false
2026-02-06 13:33:15 [main] INFO  c.netflix.discovery.DiscoveryClient - Single vip registry refresh property : null
2026-02-06 13:33:15 [main] INFO  c.netflix.discovery.DiscoveryClient - Force full registry fetch : false
2026-02-06 13:33:15 [main] INFO  c.netflix.discovery.DiscoveryClient - Application is null : false
2026-02-06 13:33:15 [main] INFO  c.netflix.discovery.DiscoveryClient - Registered Applications size is zero : true
2026-02-06 13:33:15 [main] INFO  c.netflix.discovery.DiscoveryClient - Application version is -1: true
2026-02-06 13:33:15 [main] INFO  c.netflix.discovery.DiscoveryClient - Getting all instance registry info from the eureka server
2026-02-06 13:33:15 [main] INFO  c.netflix.discovery.DiscoveryClient - The response status is 200
2026-02-06 13:33:15 [main] INFO  c.netflix.discovery.DiscoveryClient - Starting heartbeat executor: renew interval is: 30
2026-02-06 13:33:15 [main] INFO  c.n.discovery.InstanceInfoReplicator - InstanceInfoReplicator onDemand update allowed rate per min is 4
2026-02-06 13:33:15 [main] INFO  c.netflix.discovery.DiscoveryClient - Discovery Client initialized at timestamp 1770381195717 with initial instances count: 4
2026-02-06 13:33:15 [main] INFO  o.s.c.n.e.s.EurekaServiceRegistry - Registering application WAREHOUSE-SERVICE with eureka with status UP
2026-02-06 13:33:15 [main] INFO  c.netflix.discovery.DiscoveryClient - Saw local status change event StatusChangeEvent [timestamp=1770381195731, current=UP, previous=STARTING]
2026-02-06 13:33:15 [DiscoveryClient-InstanceInfoReplicator-0] INFO  c.netflix.discovery.DiscoveryClient - DiscoveryClient_WAREHOUSE-SERVICE/Ali-PC.mshome.net:warehouse-service:8085: registering service...
2026-02-06 13:33:15 [main] INFO  o.s.b.w.e.tomcat.TomcatWebServer - Tomcat started on port 8085 (http) with context path ''
2026-02-06 13:33:15 [main] INFO  o.s.c.n.e.s.EurekaAutoServiceRegistration - Updating port to 8085
2026-02-06 13:33:15 [main] INFO  o.s.c.s.binder.DefaultBinderFactory - Creating binder: rabbit
2026-02-06 13:33:15 [main] INFO  o.s.c.s.binder.DefaultBinderFactory - Constructing binder child context for rabbit
2026-02-06 13:33:15 [DiscoveryClient-InstanceInfoReplicator-0] INFO  c.netflix.discovery.DiscoveryClient - DiscoveryClient_WAREHOUSE-SERVICE/Ali-PC.mshome.net:warehouse-service:8085 - registration status: 204
2026-02-06 13:33:16 [main] INFO  o.s.c.s.binder.DefaultBinderFactory - Caching the binder: rabbit
2026-02-06 13:33:16 [main] INFO  o.s.c.s.b.r.p.RabbitExchangeQueueProvisioner - declaring queue for inbound: supply.request.created.warehouse-service, bound to: supply.request.created
2026-02-06 13:33:16 [main] INFO  o.s.a.r.c.CachingConnectionFactory - Attempting to connect to: [localhost:5672]
2026-02-06 13:33:16 [main] INFO  o.s.a.r.c.CachingConnectionFactory - Created new connection: rabbitConnectionFactory#406f954c:0/SimpleConnection@4afe1fdc [delegate=amqp://nextbar@127.0.0.1:5672/, localPort=61990]
2026-02-06 13:33:16 [main] INFO  o.s.c.s.binder.BinderErrorChannel - Channel 'rabbit-1297963590.supplyRequestCreated-in-0.errors' has 1 subscriber(s).
2026-02-06 13:33:16 [main] INFO  o.s.c.s.binder.BinderErrorChannel - Channel 'rabbit-1297963590.supplyRequestCreated-in-0.errors' has 2 subscriber(s).
2026-02-06 13:33:16 [main] INFO  o.s.i.a.i.AmqpInboundChannelAdapter - started bean 'inbound.supply.request.created.warehouse-service'
2026-02-06 13:33:16 [main] INFO  c.d.w.WarehouseServiceApplication - Started WarehouseServiceApplication in 10.447 seconds (process running for 10.826)
